<?xml version="1.0" encoding="UTF-8"?>
<robot generator="Robot 7.0 (Python 3.12.4 on linux)" generated="2024-06-08T20:03:57.810798" rpa="false" schemaversion="5">
<suite id="s1" name="SimpleSeleniumUI" source="/robot/SimpleSeleniumUI.robot">
<test id="s1-t1" name="Heroku Login chrome" line="6">
<kw name="Open Browser" owner="SeleniumLibrary">
<msg time="2024-06-08T20:03:58.012190" level="INFO">Opening browser 'chrome' to base url 'https://www.google.com'.</msg>
<msg time="2024-06-08T20:04:30.736315" level="INFO">Cannot capture screenshot because no browser is open.</msg>
<msg time="2024-06-08T20:04:30.736543" level="FAIL">WebDriverException: Message: Service /root/.cache/selenium/chromedriver/linux64/125.0.6422.141/chromedriver unexpectedly exited. Status code was: 127
</msg>
<arg>https://www.google.com</arg>
<arg>browser=chrome</arg>
<doc>Opens a new browser instance to the optional ``url``.</doc>
<status status="FAIL" start="2024-06-08T20:03:58.011727" elapsed="32.727210">WebDriverException: Message: Service /root/.cache/selenium/chromedriver/linux64/125.0.6422.141/chromedriver unexpectedly exited. Status code was: 127
</status>
</kw>
<kw name="Go To" owner="SeleniumLibrary">
<arg>http://the-internet.herokuapp.com/login</arg>
<doc>Navigates the current browser window to the provided ``url``.</doc>
<status status="NOT RUN" start="2024-06-08T20:04:30.739402" elapsed="0.000063"/>
</kw>
<kw name="Input Text" owner="SeleniumLibrary">
<arg>//input[@id='username']</arg>
<arg>tomsmith</arg>
<doc>Types the given ``text`` into the text field identified by ``locator``.</doc>
<status status="NOT RUN" start="2024-06-08T20:04:30.739653" elapsed="0.000044"/>
</kw>
<kw name="Input Text" owner="SeleniumLibrary">
<arg>//input[@id='password']</arg>
<arg>SuperSecretPassword!</arg>
<doc>Types the given ``text`` into the text field identified by ``locator``.</doc>
<status status="NOT RUN" start="2024-06-08T20:04:30.739862" elapsed="0.000040"/>
</kw>
<kw name="Click Button" owner="SeleniumLibrary">
<arg>Login</arg>
<doc>Clicks the button identified by ``locator``.</doc>
<status status="NOT RUN" start="2024-06-08T20:04:30.740063" elapsed="0.000040"/>
</kw>
<kw name="Element Text Should Be" owner="SeleniumLibrary">
<arg>//h4</arg>
<arg>Welcome to the Secure Area. When you are done click logout below.</arg>
<arg>Expected message is not shown</arg>
<doc>Verifies that element ``locator`` contains exact the text ``expected``.</doc>
<status status="NOT RUN" start="2024-06-08T20:04:30.740265" elapsed="0.000039"/>
</kw>
<kw name="Capture Page Screenshot" owner="SeleniumLibrary">
<doc>Takes a screenshot of the current page and embeds it into a log file.</doc>
<status status="NOT RUN" start="2024-06-08T20:04:30.740472" elapsed="0.000039"/>
</kw>
<kw name="Click Link" owner="SeleniumLibrary">
<arg>Logout</arg>
<doc>Clicks a link identified by ``locator``.</doc>
<status status="NOT RUN" start="2024-06-08T20:04:30.740655" elapsed="0.000037"/>
</kw>
<kw name="Capture Page Screenshot" owner="SeleniumLibrary">
<doc>Takes a screenshot of the current page and embeds it into a log file.</doc>
<status status="NOT RUN" start="2024-06-08T20:04:30.740843" elapsed="0.000036"/>
</kw>
<status status="FAIL" start="2024-06-08T20:03:58.009377" elapsed="32.731727">WebDriverException: Message: Service /root/.cache/selenium/chromedriver/linux64/125.0.6422.141/chromedriver unexpectedly exited. Status code was: 127
</status>
</test>
<status status="FAIL" start="2024-06-08T20:03:57.813293" elapsed="32.928672"/>
</suite>
<statistics>
<total>
<stat pass="0" fail="1" skip="0">All Tests</stat>
</total>
<tag>
</tag>
<suite>
<stat pass="0" fail="1" skip="0" id="s1" name="SimpleSeleniumUI">SimpleSeleniumUI</stat>
</suite>
</statistics>
<errors>
</errors>
</robot>
